0 info it worked if it ends with ok
1 verbose cli [ '/usr/local/bin/node',
1 verbose cli   '/usr/local/bin/npm',
1 verbose cli   'install',
1 verbose cli   'gulpjs/gulp.git#4.7.4',
1 verbose cli   '--save-dev' ]
2 info using npm@3.10.3
3 info using node@v4.4.0
4 silly loadCurrentTree Starting
5 silly install loadCurrentTree
6 silly install readLocalPackageData
7 silly fetchPackageMetaData gulpjs/gulp.git#4.7.4
8 silly fetchOtherPackageData gulpjs/gulp.git#4.7.4
9 silly cache add args [ 'gulpjs/gulp.git#4.7.4', null ]
10 verbose cache add spec gulpjs/gulp.git#4.7.4
11 silly cache add parsed spec Result {
11 silly cache add   raw: 'gulpjs/gulp.git#4.7.4',
11 silly cache add   scope: null,
11 silly cache add   escapedName: null,
11 silly cache add   name: null,
11 silly cache add   rawSpec: 'gulpjs/gulp.git#4.7.4',
11 silly cache add   spec: 'github:gulpjs/gulp#4.7.4',
11 silly cache add   type: 'hosted',
11 silly cache add   hosted:
11 silly cache add    { type: 'github',
11 silly cache add      ssh: 'git@github.com:gulpjs/gulp.git#4.7.4',
11 silly cache add      sshUrl: 'git+ssh://git@github.com/gulpjs/gulp.git#4.7.4',
11 silly cache add      httpsUrl: 'git+https://github.com/gulpjs/gulp.git#4.7.4',
11 silly cache add      gitUrl: 'git://github.com/gulpjs/gulp.git#4.7.4',
11 silly cache add      shortcut: 'github:gulpjs/gulp#4.7.4',
11 silly cache add      directUrl: 'https://raw.githubusercontent.com/gulpjs/gulp/4.7.4/package.json' } }
12 verbose addRemoteGit caching gulpjs/gulp.git#4.7.4
13 verbose addRemoteGit gulpjs/gulp#4.7.4 is a repository hosted by github
14 silly tryGitProto attempting to clone git://github.com/gulpjs/gulp.git#4.7.4
15 silly tryClone cloning gulpjs/gulp#4.7.4 via git://github.com/gulpjs/gulp.git#4.7.4
16 verbose tryClone git-github-com-gulpjs-gulp-git-4-7-4-ecf98f08 not in flight; caching
17 verbose correctMkdir /Users/jpennypacker/.npm/_git-remotes correctMkdir not in flight; initializing
18 info git [ 'clone',
18 info git   '--template=/Users/jpennypacker/.npm/_git-remotes/_templates',
18 info git   '--mirror',
18 info git   'git://github.com/gulpjs/gulp.git',
18 info git   '/Users/jpennypacker/.npm/_git-remotes/git-github-com-gulpjs-gulp-git-4-7-4-ecf98f08' ]
19 verbose mirrorRemote gulpjs/gulp#4.7.4 git clone git://github.com/gulpjs/gulp.git
20 verbose correctMkdir /Users/jpennypacker/.npm/_git-remotes correctMkdir not in flight; initializing
21 verbose setPermissions gulpjs/gulp#4.7.4 set permissions on /Users/jpennypacker/.npm/_git-remotes/git-github-com-gulpjs-gulp-git-4-7-4-ecf98f08
22 verbose resolveHead gulpjs/gulp#4.7.4 original treeish: 4.7.4
23 info git [ 'rev-list', '-n1', '4.7.4' ]
24 error git rev-list -n1 4.7.4: fatal: ambiguous argument '4.7.4': unknown revision or path not in the working tree.
24 error git rev-list -n1 4.7.4: Use '--' to separate paths from revisions, like this:
24 error git rev-list -n1 4.7.4: 'git <command> [<revision>...] -- [<file>...]'
25 silly tryHTTPS attempting to clone git+https://github.com/gulpjs/gulp.git#4.7.4
26 silly tryClone cloning gulpjs/gulp#4.7.4 via git+https://github.com/gulpjs/gulp.git#4.7.4
27 verbose tryClone git-https-github-com-gulpjs-gulp-git-4-7-4-4b46db44 not in flight; caching
28 verbose correctMkdir /Users/jpennypacker/.npm/_git-remotes correctMkdir not in flight; initializing
29 info git [ 'clone',
29 info git   '--template=/Users/jpennypacker/.npm/_git-remotes/_templates',
29 info git   '--mirror',
29 info git   'https://github.com/gulpjs/gulp.git',
29 info git   '/Users/jpennypacker/.npm/_git-remotes/git-https-github-com-gulpjs-gulp-git-4-7-4-4b46db44' ]
30 verbose mirrorRemote gulpjs/gulp#4.7.4 git clone https://github.com/gulpjs/gulp.git
31 verbose correctMkdir /Users/jpennypacker/.npm/_git-remotes correctMkdir not in flight; initializing
32 verbose setPermissions gulpjs/gulp#4.7.4 set permissions on /Users/jpennypacker/.npm/_git-remotes/git-https-github-com-gulpjs-gulp-git-4-7-4-4b46db44
33 verbose resolveHead gulpjs/gulp#4.7.4 original treeish: 4.7.4
34 info git [ 'rev-list', '-n1', '4.7.4' ]
35 error git rev-list -n1 4.7.4: fatal: ambiguous argument '4.7.4': unknown revision or path not in the working tree.
35 error git rev-list -n1 4.7.4: Use '--' to separate paths from revisions, like this:
35 error git rev-list -n1 4.7.4: 'git <command> [<revision>...] -- [<file>...]'
36 silly trySSH attempting to clone git@github.com:gulpjs/gulp.git#4.7.4
37 silly tryClone cloning gulpjs/gulp#4.7.4 via git@github.com:gulpjs/gulp.git#4.7.4
38 verbose tryClone git-github-com-gulpjs-gulp-git-4-7-4-7c06e801 not in flight; caching
39 verbose correctMkdir /Users/jpennypacker/.npm/_git-remotes correctMkdir not in flight; initializing
40 info git [ 'clone',
40 info git   '--template=/Users/jpennypacker/.npm/_git-remotes/_templates',
40 info git   '--mirror',
40 info git   'git@github.com:gulpjs/gulp.git',
40 info git   '/Users/jpennypacker/.npm/_git-remotes/git-github-com-gulpjs-gulp-git-4-7-4-7c06e801' ]
41 verbose mirrorRemote gulpjs/gulp#4.7.4 git clone git@github.com:gulpjs/gulp.git
42 verbose correctMkdir /Users/jpennypacker/.npm/_git-remotes correctMkdir not in flight; initializing
43 verbose setPermissions gulpjs/gulp#4.7.4 set permissions on /Users/jpennypacker/.npm/_git-remotes/git-github-com-gulpjs-gulp-git-4-7-4-7c06e801
44 verbose resolveHead gulpjs/gulp#4.7.4 original treeish: 4.7.4
45 info git [ 'rev-list', '-n1', '4.7.4' ]
46 error git rev-list -n1 4.7.4: fatal: ambiguous argument '4.7.4': unknown revision or path not in the working tree.
46 error git rev-list -n1 4.7.4: Use '--' to separate paths from revisions, like this:
46 error git rev-list -n1 4.7.4: 'git <command> [<revision>...] -- [<file>...]'
47 silly fetchPackageMetaData Error: Command failed: git rev-list -n1 4.7.4
47 silly fetchPackageMetaData fatal: ambiguous argument '4.7.4': unknown revision or path not in the working tree.
47 silly fetchPackageMetaData Use '--' to separate paths from revisions, like this:
47 silly fetchPackageMetaData 'git <command> [<revision>...] -- [<file>...]'
47 silly fetchPackageMetaData
47 silly fetchPackageMetaData     at ChildProcess.exithandler (child_process.js:213:12)
47 silly fetchPackageMetaData     at emitTwo (events.js:87:13)
47 silly fetchPackageMetaData     at ChildProcess.emit (events.js:172:7)
47 silly fetchPackageMetaData     at maybeClose (internal/child_process.js:827:16)
47 silly fetchPackageMetaData     at Process.ChildProcess._handle.onexit (internal/child_process.js:211:5)
47 silly fetchPackageMetaData  error for gulpjs/gulp.git#4.7.4 { [Error: Command failed: git rev-list -n1 4.7.4
47 silly fetchPackageMetaData fatal: ambiguous argument '4.7.4': unknown revision or path not in the working tree.
47 silly fetchPackageMetaData Use '--' to separate paths from revisions, like this:
47 silly fetchPackageMetaData 'git <command> [<revision>...] -- [<file>...]'
47 silly fetchPackageMetaData ]
47 silly fetchPackageMetaData   killed: false,
47 silly fetchPackageMetaData   code: 128,
47 silly fetchPackageMetaData   signal: null,
47 silly fetchPackageMetaData   cmd: 'git rev-list -n1 4.7.4' }
48 silly rollbackFailedOptional Starting
49 silly rollbackFailedOptional Finishing
50 silly runTopLevelLifecycles Starting
51 silly runTopLevelLifecycles Finishing
52 silly install printInstalled
53 verbose stack Error: Command failed: git rev-list -n1 4.7.4
53 verbose stack fatal: ambiguous argument '4.7.4': unknown revision or path not in the working tree.
53 verbose stack Use '--' to separate paths from revisions, like this:
53 verbose stack 'git <command> [<revision>...] -- [<file>...]'
53 verbose stack
53 verbose stack     at ChildProcess.exithandler (child_process.js:213:12)
53 verbose stack     at emitTwo (events.js:87:13)
53 verbose stack     at ChildProcess.emit (events.js:172:7)
53 verbose stack     at maybeClose (internal/child_process.js:827:16)
53 verbose stack     at Process.ChildProcess._handle.onexit (internal/child_process.js:211:5)
54 verbose cwd /Library/WebServer/Documents/wordpress/wp-content/themes/uri-modern
55 error Darwin 17.5.0
56 error argv "/usr/local/bin/node" "/usr/local/bin/npm" "install" "gulpjs/gulp.git#4.7.4" "--save-dev"
57 error node v4.4.0
58 error npm  v3.10.3
59 error code 128
60 error Command failed: git rev-list -n1 4.7.4
60 error fatal: ambiguous argument '4.7.4': unknown revision or path not in the working tree.
60 error Use '--' to separate paths from revisions, like this:
60 error 'git <command> [<revision>...] -- [<file>...]'
61 error If you need help, you may report this error at:
61 error     <https://github.com/npm/npm/issues>
62 verbose exit [ 1, true ]
